Analysis & Synthesis report for synthi_top
Wed May 10 09:45:58 2023
Quartus Prime Version 21.1.0 Build 842 10/21/2021 SJ Lite Edition


---------------------
; Table of Contents ;
---------------------
  1. Legal Notice
  2. Analysis & Synthesis Summary
  3. Analysis & Synthesis Settings
  4. Parallel Compilation
  5. Analysis & Synthesis Source Files Read
  6. Analysis & Synthesis Resource Usage Summary
  7. Analysis & Synthesis Resource Utilization by Entity
  8. State Machine - |MIDI|fsm_state
  9. Registers Removed During Synthesis
 10. General Register Statistics
 11. Post-Synthesis Netlist Statistics for Top Partition
 12. Elapsed Time Per Partition
 13. Analysis & Synthesis Messages



----------------
; Legal Notice ;
----------------
Copyright (C) 2021  Intel Corporation. All rights reserved.
Your use of Intel Corporation's design tools, logic functions 
and other software and tools, and any partner logic 
functions, and any output files from any of the foregoing 
(including device programming or simulation files), and any 
associated documentation or information are expressly subject 
to the terms and conditions of the Intel Program License 
Subscription Agreement, the Intel Quartus Prime License Agreement,
the Intel FPGA IP License Agreement, or other applicable license
agreement, including, without limitation, that your use is for
the sole purpose of programming logic devices manufactured by
Intel and sold by Intel or its authorized distributors.  Please
refer to the applicable agreement for further details, at
https://fpgasoftware.intel.com/eula.



+----------------------------------------------------------------------------------+
; Analysis & Synthesis Summary                                                     ;
+------------------------------------+---------------------------------------------+
; Analysis & Synthesis Status        ; Successful - Wed May 10 09:45:58 2023       ;
; Quartus Prime Version              ; 21.1.0 Build 842 10/21/2021 SJ Lite Edition ;
; Revision Name                      ; synthi_top                                  ;
; Top-level Entity Name              ; MIDI                                        ;
; Family                             ; MAX 10                                      ;
; Total logic elements               ; 0                                           ;
;     Total combinational functions  ; 0                                           ;
;     Dedicated logic registers      ; 0                                           ;
; Total registers                    ; 0                                           ;
; Total pins                         ; 161                                         ;
; Total virtual pins                 ; 0                                           ;
; Total memory bits                  ; 0                                           ;
; Embedded Multiplier 9-bit elements ; 0                                           ;
; Total PLLs                         ; 0                                           ;
; UFM blocks                         ; 0                                           ;
; ADC blocks                         ; 0                                           ;
+------------------------------------+---------------------------------------------+


+------------------------------------------------------------------------------------------------------------+
; Analysis & Synthesis Settings                                                                              ;
+------------------------------------------------------------------+--------------------+--------------------+
; Option                                                           ; Setting            ; Default Value      ;
+------------------------------------------------------------------+--------------------+--------------------+
; Device                                                           ; 10M50DAF484C7G     ;                    ;
; Top-level entity name                                            ; MIDI               ; synthi_top         ;
; Family name                                                      ; MAX 10             ; Cyclone V          ;
; Maximum processors allowed for parallel compilation              ; All                ;                    ;
; VHDL Show LMF Mapping Messages                                   ; Off                ;                    ;
; VHDL Version                                                     ; VHDL_2008          ; VHDL_1993          ;
; Use smart compilation                                            ; Off                ; Off                ;
; Enable parallel Assembler and Timing Analyzer during compilation ; On                 ; On                 ;
; Enable compact report table                                      ; Off                ; Off                ;
; Restructure Multiplexers                                         ; Auto               ; Auto               ;
; Create Debugging Nodes for IP Cores                              ; Off                ; Off                ;
; Preserve fewer node names                                        ; On                 ; On                 ;
; Intel FPGA IP Evaluation Mode                                    ; Enable             ; Enable             ;
; Verilog Version                                                  ; Verilog_2001       ; Verilog_2001       ;
; State Machine Processing                                         ; Auto               ; Auto               ;
; Safe State Machine                                               ; Off                ; Off                ;
; Extract Verilog State Machines                                   ; On                 ; On                 ;
; Extract VHDL State Machines                                      ; On                 ; On                 ;
; Ignore Verilog initial constructs                                ; Off                ; Off                ;
; Iteration limit for constant Verilog loops                       ; 5000               ; 5000               ;
; Iteration limit for non-constant Verilog loops                   ; 250                ; 250                ;
; Add Pass-Through Logic to Inferred RAMs                          ; On                 ; On                 ;
; Infer RAMs from Raw Logic                                        ; On                 ; On                 ;
; Parallel Synthesis                                               ; On                 ; On                 ;
; DSP Block Balancing                                              ; Auto               ; Auto               ;
; NOT Gate Push-Back                                               ; On                 ; On                 ;
; Power-Up Don't Care                                              ; On                 ; On                 ;
; Remove Redundant Logic Cells                                     ; Off                ; Off                ;
; Remove Duplicate Registers                                       ; On                 ; On                 ;
; Ignore CARRY Buffers                                             ; Off                ; Off                ;
; Ignore CASCADE Buffers                                           ; Off                ; Off                ;
; Ignore GLOBAL Buffers                                            ; Off                ; Off                ;
; Ignore ROW GLOBAL Buffers                                        ; Off                ; Off                ;
; Ignore LCELL Buffers                                             ; Off                ; Off                ;
; Ignore SOFT Buffers                                              ; On                 ; On                 ;
; Limit AHDL Integers to 32 Bits                                   ; Off                ; Off                ;
; Optimization Technique                                           ; Balanced           ; Balanced           ;
; Carry Chain Length                                               ; 70                 ; 70                 ;
; Auto Carry Chains                                                ; On                 ; On                 ;
; Auto Open-Drain Pins                                             ; On                 ; On                 ;
; Perform WYSIWYG Primitive Resynthesis                            ; Off                ; Off                ;
; Auto ROM Replacement                                             ; On                 ; On                 ;
; Auto RAM Replacement                                             ; On                 ; On                 ;
; Auto DSP Block Replacement                                       ; On                 ; On                 ;
; Auto Shift Register Replacement                                  ; Auto               ; Auto               ;
; Allow Shift Register Merging across Hierarchies                  ; Auto               ; Auto               ;
; Auto Clock Enable Replacement                                    ; On                 ; On                 ;
; Strict RAM Replacement                                           ; Off                ; Off                ;
; Allow Synchronous Control Signals                                ; On                 ; On                 ;
; Force Use of Synchronous Clear Signals                           ; Off                ; Off                ;
; Auto RAM Block Balancing                                         ; On                 ; On                 ;
; Auto RAM to Logic Cell Conversion                                ; Off                ; Off                ;
; Auto Resource Sharing                                            ; Off                ; Off                ;
; Allow Any RAM Size For Recognition                               ; Off                ; Off                ;
; Allow Any ROM Size For Recognition                               ; Off                ; Off                ;
; Allow Any Shift Register Size For Recognition                    ; Off                ; Off                ;
; Use LogicLock Constraints during Resource Balancing              ; On                 ; On                 ;
; Ignore translate_off and synthesis_off directives                ; Off                ; Off                ;
; Timing-Driven Synthesis                                          ; On                 ; On                 ;
; Report Parameter Settings                                        ; On                 ; On                 ;
; Report Source Assignments                                        ; On                 ; On                 ;
; Report Connectivity Checks                                       ; On                 ; On                 ;
; Ignore Maximum Fan-Out Assignments                               ; Off                ; Off                ;
; Synchronization Register Chain Length                            ; 2                  ; 2                  ;
; Power Optimization During Synthesis                              ; Normal compilation ; Normal compilation ;
; HDL message level                                                ; Level2             ; Level2             ;
; Suppress Register Optimization Related Messages                  ; Off                ; Off                ;
; Number of Removed Registers Reported in Synthesis Report         ; 5000               ; 5000               ;
; Number of Swept Nodes Reported in Synthesis Report               ; 5000               ; 5000               ;
; Number of Inverted Registers Reported in Synthesis Report        ; 100                ; 100                ;
; Clock MUX Protection                                             ; On                 ; On                 ;
; Auto Gated Clock Conversion                                      ; Off                ; Off                ;
; Block Design Naming                                              ; Auto               ; Auto               ;
; SDC constraint protection                                        ; Off                ; Off                ;
; Synthesis Effort                                                 ; Auto               ; Auto               ;
; Shift Register Replacement - Allow Asynchronous Clear Signal     ; On                 ; On                 ;
; Pre-Mapping Resynthesis Optimization                             ; Off                ; Off                ;
; Analysis & Synthesis Message Level                               ; Medium             ; Medium             ;
; Disable Register Merging Across Hierarchies                      ; Auto               ; Auto               ;
; Resource Aware Inference For Block RAM                           ; On                 ; On                 ;
+------------------------------------------------------------------+--------------------+--------------------+


+------------------------------------------+
; Parallel Compilation                     ;
+----------------------------+-------------+
; Processors                 ; Number      ;
+----------------------------+-------------+
; Number detected on machine ; 8           ;
; Maximum allowed            ; 4           ;
;                            ;             ;
; Average used               ; 1.00        ;
; Maximum used               ; 1           ;
;                            ;             ;
; Usage by Processor         ; % Time Used ;
;     Processor 1            ; 100.0%      ;
+----------------------------+-------------+


+------------------------------------------------------------------------------------------------------------------------------------------------------------------------------------------------------+
; Analysis & Synthesis Source Files Read                                                                                                                                                               ;
+----------------------------------+-----------------+-----------------+---------------------------------------------------------------------------------------------------------------------+---------+
; File Name with User-Entered Path ; Used in Netlist ; File Type       ; File Name with Absolute Path                                                                                        ; Library ;
+----------------------------------+-----------------+-----------------+---------------------------------------------------------------------------------------------------------------------+---------+
; ../source/dds/tone_gen_pkg.vhd   ; yes             ; User VHDL File  ; C:/Users/andri/Synology/SynologyDrive/05_ZHAW/FS23/PM2/github_/Synthi_T1/synthi_project/source/dds/tone_gen_pkg.vhd ;         ;
; ../source/MIDI/MIDI.vhd          ; yes             ; User VHDL File  ; C:/Users/andri/Synology/SynologyDrive/05_ZHAW/FS23/PM2/github_/Synthi_T1/synthi_project/source/MIDI/MIDI.vhd        ;         ;
+----------------------------------+-----------------+-----------------+---------------------------------------------------------------------------------------------------------------------+---------+


+----------------------------------------------------------+
; Analysis & Synthesis Resource Usage Summary              ;
+---------------------------------------------+------------+
; Resource                                    ; Usage      ;
+---------------------------------------------+------------+
;                                             ;            ;
; Total combinational functions               ; 0          ;
; Logic element usage by number of LUT inputs ;            ;
;     -- 4 input functions                    ; 0          ;
;     -- 3 input functions                    ; 0          ;
;     -- <=2 input functions                  ; 0          ;
;                                             ;            ;
; Logic elements by mode                      ;            ;
;     -- normal mode                          ; 0          ;
;     -- arithmetic mode                      ; 0          ;
;                                             ;            ;
; Total registers                             ; 0          ;
;     -- Dedicated logic registers            ; 0          ;
;     -- I/O registers                        ; 0          ;
;                                             ;            ;
; I/O pins                                    ; 161        ;
;                                             ;            ;
; Embedded Multiplier 9-bit elements          ; 0          ;
;                                             ;            ;
; Maximum fan-out node                        ; rx_data[0] ;
; Maximum fan-out                             ; 1          ;
; Total fan-out                               ; 161        ;
; Average fan-out                             ; 0.50       ;
+---------------------------------------------+------------+


+------------------------------------------------------------------------------------------------------------------------------------------------------------------------------------------------------------------------------------+
; Analysis & Synthesis Resource Utilization by Entity                                                                                                                                                                                ;
+----------------------------+---------------------+---------------------------+-------------+------------+--------------+---------+-----------+------+--------------+------------+---------------------+-------------+--------------+
; Compilation Hierarchy Node ; Combinational ALUTs ; Dedicated Logic Registers ; Memory Bits ; UFM Blocks ; DSP Elements ; DSP 9x9 ; DSP 18x18 ; Pins ; Virtual Pins ; ADC blocks ; Full Hierarchy Name ; Entity Name ; Library Name ;
+----------------------------+---------------------+---------------------------+-------------+------------+--------------+---------+-----------+------+--------------+------------+---------------------+-------------+--------------+
; |MIDI                      ; 0 (0)               ; 0 (0)                     ; 0           ; 0          ; 0            ; 0       ; 0         ; 161  ; 0            ; 0          ; |MIDI               ; MIDI        ; work         ;
+----------------------------+---------------------+---------------------------+-------------+------------+--------------+---------+-----------+------+--------------+------------+---------------------+-------------+--------------+
Note: For table entries with two numbers listed, the numbers in parentheses indicate the number of resources of the given type used by the specific entity alone. The numbers listed outside of parentheses indicate the total resources of the given type used by the specific entity and all of its sub-entities in the hierarchy.


Encoding Type:  One-Hot
+---------------------------------------------------------------------------------------------------------+
; State Machine - |MIDI|fsm_state                                                                         ;
+--------------------------+-------------------------+-------------------------+--------------------------+
; Name                     ; fsm_state.st_wait_data2 ; fsm_state.st_wait_data1 ; fsm_state.st_wait_status ;
+--------------------------+-------------------------+-------------------------+--------------------------+
; fsm_state.st_wait_status ; 0                       ; 0                       ; 0                        ;
; fsm_state.st_wait_data1  ; 0                       ; 1                       ; 1                        ;
; fsm_state.st_wait_data2  ; 1                       ; 0                       ; 1                        ;
+--------------------------+-------------------------+-------------------------+--------------------------+


+------------------------------------------------------------+
; Registers Removed During Synthesis                         ;
+---------------------------------------+--------------------+
; Register name                         ; Reason for Removal ;
+---------------------------------------+--------------------+
; fsm_state.st_wait_status              ; Lost fanout        ;
; fsm_state.st_wait_data1               ; Lost fanout        ;
; fsm_state.st_wait_data2               ; Lost fanout        ;
; Total Number of Removed Registers = 3 ;                    ;
+---------------------------------------+--------------------+


+------------------------------------------------------+
; General Register Statistics                          ;
+----------------------------------------------+-------+
; Statistic                                    ; Value ;
+----------------------------------------------+-------+
; Total registers                              ; 0     ;
; Number of registers using Synchronous Clear  ; 0     ;
; Number of registers using Synchronous Load   ; 0     ;
; Number of registers using Asynchronous Clear ; 0     ;
; Number of registers using Asynchronous Load  ; 0     ;
; Number of registers using Clock Enable       ; 0     ;
; Number of registers using Preset             ; 0     ;
+----------------------------------------------+-------+


+-----------------------------------------------------+
; Post-Synthesis Netlist Statistics for Top Partition ;
+-----------------------+-----------------------------+
; Type                  ; Count                       ;
+-----------------------+-----------------------------+
; boundary_port         ; 161                         ;
; cycloneiii_lcell_comb ; 1                           ;
;     normal            ; 1                           ;
;         0 data inputs ; 1                           ;
;                       ;                             ;
; Max LUT depth         ; 0.00                        ;
; Average LUT depth     ; 0.00                        ;
+-----------------------+-----------------------------+


+-------------------------------+
; Elapsed Time Per Partition    ;
+----------------+--------------+
; Partition Name ; Elapsed Time ;
+----------------+--------------+
; Top            ; 00:00:00     ;
+----------------+--------------+


+-------------------------------+
; Analysis & Synthesis Messages ;
+-------------------------------+
Info: *******************************************************************
Info: Running Quartus Prime Analysis & Synthesis
    Info: Version 21.1.0 Build 842 10/21/2021 SJ Lite Edition
    Info: Processing started: Wed May 10 09:45:48 2023
Info: Command: quartus_map --read_settings_files=on --write_settings_files=off synthi_top -c synthi_top
Info (20030): Parallel compilation is enabled and will use 4 of the 4 processors detected
Info (12021): Found 1 design units, including 0 entities, in source file /users/andri/synology/synologydrive/05_zhaw/fs23/pm2/github_/synthi_t1/synthi_project/source/i2c/reg_table_pkg.vhd
    Info (12022): Found design unit 1: reg_table_pkg File: C:/Users/andri/Synology/SynologyDrive/05_ZHAW/FS23/PM2/github_/Synthi_T1/synthi_project/source/i2c/reg_table_pkg.vhd Line: 26
Info (12021): Found 2 design units, including 1 entities, in source file /users/andri/synology/synologydrive/05_zhaw/fs23/pm2/github_/synthi_t1/synthi_project/source/i2c/i2c_slave_bfm.vhd
    Info (12022): Found design unit 1: i2c_slave_bfm-bfm File: C:/Users/andri/Synology/SynologyDrive/05_ZHAW/FS23/PM2/github_/Synthi_T1/synthi_project/source/i2c/i2c_slave_bfm.vhd Line: 32
    Info (12023): Found entity 1: i2c_slave_bfm File: C:/Users/andri/Synology/SynologyDrive/05_ZHAW/FS23/PM2/github_/Synthi_T1/synthi_project/source/i2c/i2c_slave_bfm.vhd Line: 7
Info (12021): Found 2 design units, including 1 entities, in source file /users/andri/synology/synologydrive/05_zhaw/fs23/pm2/github_/synthi_t1/synthi_project/source/i2c/i2c_master.vhd
    Info (12022): Found design unit 1: i2c_master-rtl File: C:/Users/andri/Synology/SynologyDrive/05_ZHAW/FS23/PM2/github_/Synthi_T1/synthi_project/source/i2c/i2c_master.vhd Line: 40
    Info (12023): Found entity 1: i2c_master File: C:/Users/andri/Synology/SynologyDrive/05_ZHAW/FS23/PM2/github_/Synthi_T1/synthi_project/source/i2c/i2c_master.vhd Line: 22
Info (12021): Found 2 design units, including 1 entities, in source file /users/andri/synology/synologydrive/05_zhaw/fs23/pm2/github_/synthi_t1/synthi_project/source/i2c/codec_controller.vhd
    Info (12022): Found design unit 1: codec_controller-rtl File: C:/Users/andri/Synology/SynologyDrive/05_ZHAW/FS23/PM2/github_/Synthi_T1/synthi_project/source/i2c/codec_controller.vhd Line: 43
    Info (12023): Found entity 1: codec_controller File: C:/Users/andri/Synology/SynologyDrive/05_ZHAW/FS23/PM2/github_/Synthi_T1/synthi_project/source/i2c/codec_controller.vhd Line: 27
Info (12021): Found 2 design units, including 1 entities, in source file /users/andri/synology/synologydrive/05_zhaw/fs23/pm2/github_/synthi_t1/synthi_project/source/dds/tone_generator.vhd
    Info (12022): Found design unit 1: tone_generator-str File: C:/Users/andri/Synology/SynologyDrive/05_ZHAW/FS23/PM2/github_/Synthi_T1/synthi_project/source/dds/tone_generator.vhd Line: 50
    Info (12023): Found entity 1: tone_generator File: C:/Users/andri/Synology/SynologyDrive/05_ZHAW/FS23/PM2/github_/Synthi_T1/synthi_project/source/dds/tone_generator.vhd Line: 31
Info (12021): Found 1 design units, including 0 entities, in source file /users/andri/synology/synologydrive/05_zhaw/fs23/pm2/github_/synthi_t1/synthi_project/source/dds/tone_gen_pkg.vhd
    Info (12022): Found design unit 1: tone_gen_pkg File: C:/Users/andri/Synology/SynologyDrive/05_ZHAW/FS23/PM2/github_/Synthi_T1/synthi_project/source/dds/tone_gen_pkg.vhd Line: 25
Info (12021): Found 2 design units, including 1 entities, in source file /users/andri/synology/synologydrive/05_zhaw/fs23/pm2/github_/synthi_t1/synthi_project/source/dds/dds.vhd
    Info (12022): Found design unit 1: dds-rtl File: C:/Users/andri/Synology/SynologyDrive/05_ZHAW/FS23/PM2/github_/Synthi_T1/synthi_project/source/dds/dds.vhd Line: 44
    Info (12023): Found entity 1: dds File: C:/Users/andri/Synology/SynologyDrive/05_ZHAW/FS23/PM2/github_/Synthi_T1/synthi_project/source/dds/dds.vhd Line: 30
Info (12021): Found 2 design units, including 1 entities, in source file /users/andri/synology/synologydrive/05_zhaw/fs23/pm2/github_/synthi_t1/synthi_project/source/i2s/uni_shiftreg.vhd
    Info (12022): Found design unit 1: uni_shiftreg-str File: C:/Users/andri/Synology/SynologyDrive/05_ZHAW/FS23/PM2/github_/Synthi_T1/synthi_project/source/i2s/uni_shiftreg.vhd Line: 41
    Info (12023): Found entity 1: uni_shiftreg File: C:/Users/andri/Synology/SynologyDrive/05_ZHAW/FS23/PM2/github_/Synthi_T1/synthi_project/source/i2s/uni_shiftreg.vhd Line: 26
Info (12021): Found 2 design units, including 1 entities, in source file /users/andri/synology/synologydrive/05_zhaw/fs23/pm2/github_/synthi_t1/synthi_project/source/i2s/path_ctrl.vhd
    Info (12022): Found design unit 1: path_ctrl-str File: C:/Users/andri/Synology/SynologyDrive/05_ZHAW/FS23/PM2/github_/Synthi_T1/synthi_project/source/i2s/path_ctrl.vhd Line: 43
    Info (12023): Found entity 1: path_ctrl File: C:/Users/andri/Synology/SynologyDrive/05_ZHAW/FS23/PM2/github_/Synthi_T1/synthi_project/source/i2s/path_ctrl.vhd Line: 27
Info (12021): Found 2 design units, including 1 entities, in source file /users/andri/synology/synologydrive/05_zhaw/fs23/pm2/github_/synthi_t1/synthi_project/source/i2s/mux_2_1.vhd
    Info (12022): Found design unit 1: mux_2_1-str File: C:/Users/andri/Synology/SynologyDrive/05_ZHAW/FS23/PM2/github_/Synthi_T1/synthi_project/source/i2s/mux_2_1.vhd Line: 38
    Info (12023): Found entity 1: mux_2_1 File: C:/Users/andri/Synology/SynologyDrive/05_ZHAW/FS23/PM2/github_/Synthi_T1/synthi_project/source/i2s/mux_2_1.vhd Line: 27
Info (12021): Found 2 design units, including 1 entities, in source file /users/andri/synology/synologydrive/05_zhaw/fs23/pm2/github_/synthi_t1/synthi_project/source/i2s/i2s_master.vhd
    Info (12022): Found design unit 1: i2s_master-str File: C:/Users/andri/Synology/SynologyDrive/05_ZHAW/FS23/PM2/github_/Synthi_T1/synthi_project/source/i2s/i2s_master.vhd Line: 48
    Info (12023): Found entity 1: i2s_master File: C:/Users/andri/Synology/SynologyDrive/05_ZHAW/FS23/PM2/github_/Synthi_T1/synthi_project/source/i2s/i2s_master.vhd Line: 28
Info (12021): Found 2 design units, including 1 entities, in source file /users/andri/synology/synologydrive/05_zhaw/fs23/pm2/github_/synthi_t1/synthi_project/source/i2s/i2s_frame_generator.vhd
    Info (12022): Found design unit 1: i2s_frame_generator-str File: C:/Users/andri/Synology/SynologyDrive/05_ZHAW/FS23/PM2/github_/Synthi_T1/synthi_project/source/i2s/i2s_frame_generator.vhd Line: 43
    Info (12023): Found entity 1: i2s_frame_generator File: C:/Users/andri/Synology/SynologyDrive/05_ZHAW/FS23/PM2/github_/Synthi_T1/synthi_project/source/i2s/i2s_frame_generator.vhd Line: 27
Info (12021): Found 2 design units, including 1 entities, in source file /users/andri/synology/synologydrive/05_zhaw/fs23/pm2/github_/synthi_t1/synthi_project/source/midi/midi.vhd
    Info (12022): Found design unit 1: MIDI-rtl File: C:/Users/andri/Synology/SynologyDrive/05_ZHAW/FS23/PM2/github_/Synthi_T1/synthi_project/source/MIDI/MIDI.vhd Line: 41
    Info (12023): Found entity 1: MIDI File: C:/Users/andri/Synology/SynologyDrive/05_ZHAW/FS23/PM2/github_/Synthi_T1/synthi_project/source/MIDI/MIDI.vhd Line: 27
Info (12021): Found 2 design units, including 1 entities, in source file /users/andri/synology/synologydrive/05_zhaw/fs23/pm2/github_/synthi_t1/synthi_project/source/others/vhdl_hex2sevseg.vhd
    Info (12022): Found design unit 1: vhdl_hex2sevseg-comb File: C:/Users/andri/Synology/SynologyDrive/05_ZHAW/FS23/PM2/github_/Synthi_T1/synthi_project/source/others/vhdl_hex2sevseg.vhd Line: 36
    Info (12023): Found entity 1: vhdl_hex2sevseg File: C:/Users/andri/Synology/SynologyDrive/05_ZHAW/FS23/PM2/github_/Synthi_T1/synthi_project/source/others/vhdl_hex2sevseg.vhd Line: 23
Info (12021): Found 2 design units, including 1 entities, in source file /users/andri/synology/synologydrive/05_zhaw/fs23/pm2/github_/synthi_t1/synthi_project/source/others/uart_controller_fsm.vhd
    Info (12022): Found design unit 1: uart_controller_fsm-rtl File: C:/Users/andri/Synology/SynologyDrive/05_ZHAW/FS23/PM2/github_/Synthi_T1/synthi_project/source/others/uart_controller_fsm.vhd Line: 34
    Info (12023): Found entity 1: uart_controller_fsm File: C:/Users/andri/Synology/SynologyDrive/05_ZHAW/FS23/PM2/github_/Synthi_T1/synthi_project/source/others/uart_controller_fsm.vhd Line: 18
Info (12021): Found 2 design units, including 1 entities, in source file /users/andri/synology/synologydrive/05_zhaw/fs23/pm2/github_/synthi_t1/synthi_project/source/others/signal_checker.vhd
    Info (12022): Found design unit 1: signal_checker-rtl File: C:/Users/andri/Synology/SynologyDrive/05_ZHAW/FS23/PM2/github_/Synthi_T1/synthi_project/source/others/signal_checker.vhd Line: 29
    Info (12023): Found entity 1: signal_checker File: C:/Users/andri/Synology/SynologyDrive/05_ZHAW/FS23/PM2/github_/Synthi_T1/synthi_project/source/others/signal_checker.vhd Line: 19
Info (12021): Found 2 design units, including 1 entities, in source file /users/andri/synology/synologydrive/05_zhaw/fs23/pm2/github_/synthi_t1/synthi_project/source/others/shiftreg_uart.vhd
    Info (12022): Found design unit 1: shiftreg_uart-rtl File: C:/Users/andri/Synology/SynologyDrive/05_ZHAW/FS23/PM2/github_/Synthi_T1/synthi_project/source/others/shiftreg_uart.vhd Line: 39
    Info (12023): Found entity 1: shiftreg_uart File: C:/Users/andri/Synology/SynologyDrive/05_ZHAW/FS23/PM2/github_/Synthi_T1/synthi_project/source/others/shiftreg_uart.vhd Line: 22
Info (12021): Found 2 design units, including 1 entities, in source file /users/andri/synology/synologydrive/05_zhaw/fs23/pm2/github_/synthi_t1/synthi_project/source/others/output_register.vhd
    Info (12022): Found design unit 1: output_register-rtl File: C:/Users/andri/Synology/SynologyDrive/05_ZHAW/FS23/PM2/github_/Synthi_T1/synthi_project/source/others/output_register.vhd Line: 41
    Info (12023): Found entity 1: output_register File: C:/Users/andri/Synology/SynologyDrive/05_ZHAW/FS23/PM2/github_/Synthi_T1/synthi_project/source/others/output_register.vhd Line: 26
Info (12021): Found 2 design units, including 1 entities, in source file /users/andri/synology/synologydrive/05_zhaw/fs23/pm2/github_/synthi_t1/synthi_project/source/others/modulo_divider.vhd
    Info (12022): Found design unit 1: modulo_divider-rtl File: C:/Users/andri/Synology/SynologyDrive/05_ZHAW/FS23/PM2/github_/Synthi_T1/synthi_project/source/others/modulo_divider.vhd Line: 29
    Info (12023): Found entity 1: modulo_divider File: C:/Users/andri/Synology/SynologyDrive/05_ZHAW/FS23/PM2/github_/Synthi_T1/synthi_project/source/others/modulo_divider.vhd Line: 19
Info (12021): Found 2 design units, including 1 entities, in source file /users/andri/synology/synologydrive/05_zhaw/fs23/pm2/github_/synthi_t1/synthi_project/source/others/infrastructure.vhd
    Info (12022): Found design unit 1: infrastructure-str File: C:/Users/andri/Synology/SynologyDrive/05_ZHAW/FS23/PM2/github_/Synthi_T1/synthi_project/source/others/infrastructure.vhd Line: 44
    Info (12023): Found entity 1: infrastructure File: C:/Users/andri/Synology/SynologyDrive/05_ZHAW/FS23/PM2/github_/Synthi_T1/synthi_project/source/others/infrastructure.vhd Line: 28
Info (12021): Found 2 design units, including 1 entities, in source file /users/andri/synology/synologydrive/05_zhaw/fs23/pm2/github_/synthi_t1/synthi_project/source/others/flanken_detekt_vhdl.vhd
    Info (12022): Found design unit 1: flanken_detekt_vhdl-rtl File: C:/Users/andri/Synology/SynologyDrive/05_ZHAW/FS23/PM2/github_/Synthi_T1/synthi_project/source/others/flanken_detekt_vhdl.vhd Line: 26
    Info (12023): Found entity 1: flanken_detekt_vhdl File: C:/Users/andri/Synology/SynologyDrive/05_ZHAW/FS23/PM2/github_/Synthi_T1/synthi_project/source/others/flanken_detekt_vhdl.vhd Line: 15
Info (12021): Found 2 design units, including 1 entities, in source file /users/andri/synology/synologydrive/05_zhaw/fs23/pm2/github_/synthi_t1/synthi_project/source/others/clock_sync.vhd
    Info (12022): Found design unit 1: clock_sync-rtl File: C:/Users/andri/Synology/SynologyDrive/05_ZHAW/FS23/PM2/github_/Synthi_T1/synthi_project/source/others/clock_sync.vhd Line: 23
    Info (12023): Found entity 1: clock_sync File: C:/Users/andri/Synology/SynologyDrive/05_ZHAW/FS23/PM2/github_/Synthi_T1/synthi_project/source/others/clock_sync.vhd Line: 14
Info (12021): Found 2 design units, including 1 entities, in source file /users/andri/synology/synologydrive/05_zhaw/fs23/pm2/github_/synthi_t1/synthi_project/source/others/bit_counter.vhd
    Info (12022): Found design unit 1: bit_counter-rtl File: C:/Users/andri/Synology/SynologyDrive/05_ZHAW/FS23/PM2/github_/Synthi_T1/synthi_project/source/others/bit_counter.vhd Line: 37
    Info (12023): Found entity 1: bit_counter File: C:/Users/andri/Synology/SynologyDrive/05_ZHAW/FS23/PM2/github_/Synthi_T1/synthi_project/source/others/bit_counter.vhd Line: 25
Info (12021): Found 2 design units, including 1 entities, in source file /users/andri/synology/synologydrive/05_zhaw/fs23/pm2/github_/synthi_t1/synthi_project/source/others/baud_tick.vhd
    Info (12022): Found design unit 1: baud_tick-rtl File: C:/Users/andri/Synology/SynologyDrive/05_ZHAW/FS23/PM2/github_/Synthi_T1/synthi_project/source/others/baud_tick.vhd Line: 36
    Info (12023): Found entity 1: baud_tick File: C:/Users/andri/Synology/SynologyDrive/05_ZHAW/FS23/PM2/github_/Synthi_T1/synthi_project/source/others/baud_tick.vhd Line: 25
Info (12021): Found 2 design units, including 1 entities, in source file /users/andri/synology/synologydrive/05_zhaw/fs23/pm2/github_/synthi_t1/synthi_project/source/top_files/uart_top.vhd
    Info (12022): Found design unit 1: uart_top-bdf_type File: C:/Users/andri/Synology/SynologyDrive/05_ZHAW/FS23/PM2/github_/Synthi_T1/synthi_project/source/Top_files/uart_top.vhd Line: 38
    Info (12023): Found entity 1: uart_top File: C:/Users/andri/Synology/SynologyDrive/05_ZHAW/FS23/PM2/github_/Synthi_T1/synthi_project/source/Top_files/uart_top.vhd Line: 25
Info (12021): Found 2 design units, including 1 entities, in source file /users/andri/synology/synologydrive/05_zhaw/fs23/pm2/github_/synthi_t1/synthi_project/source/top_files/synthi_top.vhd
    Info (12022): Found design unit 1: synthi_top-struct File: C:/Users/andri/Synology/SynologyDrive/05_ZHAW/FS23/PM2/github_/Synthi_T1/synthi_project/source/Top_files/synthi_top.vhd Line: 77
    Info (12023): Found entity 1: synthi_top File: C:/Users/andri/Synology/SynologyDrive/05_ZHAW/FS23/PM2/github_/Synthi_T1/synthi_project/source/Top_files/synthi_top.vhd Line: 31
Info (12127): Elaborating entity "MIDI" for the top level hierarchy
Warning (10541): VHDL Signal Declaration warning at MIDI.vhd(52): used implicit default value for signal "reg_tone_on" because signal was never assigned a value or an explicit default value. Use of implicit default value may introduce unintended design optimizations. File: C:/Users/andri/Synology/SynologyDrive/05_ZHAW/FS23/PM2/github_/Synthi_T1/synthi_project/source/MIDI/MIDI.vhd Line: 52
Warning (10036): Verilog HDL or VHDL warning at MIDI.vhd(52): object "next_reg_tone_on" assigned a value but never read File: C:/Users/andri/Synology/SynologyDrive/05_ZHAW/FS23/PM2/github_/Synthi_T1/synthi_project/source/MIDI/MIDI.vhd Line: 52
Warning (10541): VHDL Signal Declaration warning at MIDI.vhd(54): used implicit default value for signal "reg_note" because signal was never assigned a value or an explicit default value. Use of implicit default value may introduce unintended design optimizations. File: C:/Users/andri/Synology/SynologyDrive/05_ZHAW/FS23/PM2/github_/Synthi_T1/synthi_project/source/MIDI/MIDI.vhd Line: 54
Warning (10036): Verilog HDL or VHDL warning at MIDI.vhd(54): object "next_reg_note" assigned a value but never read File: C:/Users/andri/Synology/SynologyDrive/05_ZHAW/FS23/PM2/github_/Synthi_T1/synthi_project/source/MIDI/MIDI.vhd Line: 54
Warning (10541): VHDL Signal Declaration warning at MIDI.vhd(55): used implicit default value for signal "reg_velocity" because signal was never assigned a value or an explicit default value. Use of implicit default value may introduce unintended design optimizations. File: C:/Users/andri/Synology/SynologyDrive/05_ZHAW/FS23/PM2/github_/Synthi_T1/synthi_project/source/MIDI/MIDI.vhd Line: 55
Warning (10036): Verilog HDL or VHDL warning at MIDI.vhd(55): object "next_reg_velocity" assigned a value but never read File: C:/Users/andri/Synology/SynologyDrive/05_ZHAW/FS23/PM2/github_/Synthi_T1/synthi_project/source/MIDI/MIDI.vhd Line: 55
Warning (13024): Output pins are stuck at VCC or GND
    Warning (13410): Pin "note[9][0]" is stuck at GND File: C:/Users/andri/Synology/SynologyDrive/05_ZHAW/FS23/PM2/github_/Synthi_T1/synthi_project/source/MIDI/MIDI.vhd Line: 34
    Warning (13410): Pin "note[9][1]" is stuck at GND File: C:/Users/andri/Synology/SynologyDrive/05_ZHAW/FS23/PM2/github_/Synthi_T1/synthi_project/source/MIDI/MIDI.vhd Line: 34
    Warning (13410): Pin "note[9][2]" is stuck at GND File: C:/Users/andri/Synology/SynologyDrive/05_ZHAW/FS23/PM2/github_/Synthi_T1/synthi_project/source/MIDI/MIDI.vhd Line: 34
    Warning (13410): Pin "note[9][3]" is stuck at GND File: C:/Users/andri/Synology/SynologyDrive/05_ZHAW/FS23/PM2/github_/Synthi_T1/synthi_project/source/MIDI/MIDI.vhd Line: 34
    Warning (13410): Pin "note[9][4]" is stuck at GND File: C:/Users/andri/Synology/SynologyDrive/05_ZHAW/FS23/PM2/github_/Synthi_T1/synthi_project/source/MIDI/MIDI.vhd Line: 34
    Warning (13410): Pin "note[9][5]" is stuck at GND File: C:/Users/andri/Synology/SynologyDrive/05_ZHAW/FS23/PM2/github_/Synthi_T1/synthi_project/source/MIDI/MIDI.vhd Line: 34
    Warning (13410): Pin "note[9][6]" is stuck at GND File: C:/Users/andri/Synology/SynologyDrive/05_ZHAW/FS23/PM2/github_/Synthi_T1/synthi_project/source/MIDI/MIDI.vhd Line: 34
    Warning (13410): Pin "note[8][0]" is stuck at GND File: C:/Users/andri/Synology/SynologyDrive/05_ZHAW/FS23/PM2/github_/Synthi_T1/synthi_project/source/MIDI/MIDI.vhd Line: 34
    Warning (13410): Pin "note[8][1]" is stuck at GND File: C:/Users/andri/Synology/SynologyDrive/05_ZHAW/FS23/PM2/github_/Synthi_T1/synthi_project/source/MIDI/MIDI.vhd Line: 34
    Warning (13410): Pin "note[8][2]" is stuck at GND File: C:/Users/andri/Synology/SynologyDrive/05_ZHAW/FS23/PM2/github_/Synthi_T1/synthi_project/source/MIDI/MIDI.vhd Line: 34
    Warning (13410): Pin "note[8][3]" is stuck at GND File: C:/Users/andri/Synology/SynologyDrive/05_ZHAW/FS23/PM2/github_/Synthi_T1/synthi_project/source/MIDI/MIDI.vhd Line: 34
    Warning (13410): Pin "note[8][4]" is stuck at GND File: C:/Users/andri/Synology/SynologyDrive/05_ZHAW/FS23/PM2/github_/Synthi_T1/synthi_project/source/MIDI/MIDI.vhd Line: 34
    Warning (13410): Pin "note[8][5]" is stuck at GND File: C:/Users/andri/Synology/SynologyDrive/05_ZHAW/FS23/PM2/github_/Synthi_T1/synthi_project/source/MIDI/MIDI.vhd Line: 34
    Warning (13410): Pin "note[8][6]" is stuck at GND File: C:/Users/andri/Synology/SynologyDrive/05_ZHAW/FS23/PM2/github_/Synthi_T1/synthi_project/source/MIDI/MIDI.vhd Line: 34
    Warning (13410): Pin "note[7][0]" is stuck at GND File: C:/Users/andri/Synology/SynologyDrive/05_ZHAW/FS23/PM2/github_/Synthi_T1/synthi_project/source/MIDI/MIDI.vhd Line: 34
    Warning (13410): Pin "note[7][1]" is stuck at GND File: C:/Users/andri/Synology/SynologyDrive/05_ZHAW/FS23/PM2/github_/Synthi_T1/synthi_project/source/MIDI/MIDI.vhd Line: 34
    Warning (13410): Pin "note[7][2]" is stuck at GND File: C:/Users/andri/Synology/SynologyDrive/05_ZHAW/FS23/PM2/github_/Synthi_T1/synthi_project/source/MIDI/MIDI.vhd Line: 34
    Warning (13410): Pin "note[7][3]" is stuck at GND File: C:/Users/andri/Synology/SynologyDrive/05_ZHAW/FS23/PM2/github_/Synthi_T1/synthi_project/source/MIDI/MIDI.vhd Line: 34
    Warning (13410): Pin "note[7][4]" is stuck at GND File: C:/Users/andri/Synology/SynologyDrive/05_ZHAW/FS23/PM2/github_/Synthi_T1/synthi_project/source/MIDI/MIDI.vhd Line: 34
    Warning (13410): Pin "note[7][5]" is stuck at GND File: C:/Users/andri/Synology/SynologyDrive/05_ZHAW/FS23/PM2/github_/Synthi_T1/synthi_project/source/MIDI/MIDI.vhd Line: 34
    Warning (13410): Pin "note[7][6]" is stuck at GND File: C:/Users/andri/Synology/SynologyDrive/05_ZHAW/FS23/PM2/github_/Synthi_T1/synthi_project/source/MIDI/MIDI.vhd Line: 34
    Warning (13410): Pin "note[6][0]" is stuck at GND File: C:/Users/andri/Synology/SynologyDrive/05_ZHAW/FS23/PM2/github_/Synthi_T1/synthi_project/source/MIDI/MIDI.vhd Line: 34
    Warning (13410): Pin "note[6][1]" is stuck at GND File: C:/Users/andri/Synology/SynologyDrive/05_ZHAW/FS23/PM2/github_/Synthi_T1/synthi_project/source/MIDI/MIDI.vhd Line: 34
    Warning (13410): Pin "note[6][2]" is stuck at GND File: C:/Users/andri/Synology/SynologyDrive/05_ZHAW/FS23/PM2/github_/Synthi_T1/synthi_project/source/MIDI/MIDI.vhd Line: 34
    Warning (13410): Pin "note[6][3]" is stuck at GND File: C:/Users/andri/Synology/SynologyDrive/05_ZHAW/FS23/PM2/github_/Synthi_T1/synthi_project/source/MIDI/MIDI.vhd Line: 34
    Warning (13410): Pin "note[6][4]" is stuck at GND File: C:/Users/andri/Synology/SynologyDrive/05_ZHAW/FS23/PM2/github_/Synthi_T1/synthi_project/source/MIDI/MIDI.vhd Line: 34
    Warning (13410): Pin "note[6][5]" is stuck at GND File: C:/Users/andri/Synology/SynologyDrive/05_ZHAW/FS23/PM2/github_/Synthi_T1/synthi_project/source/MIDI/MIDI.vhd Line: 34
    Warning (13410): Pin "note[6][6]" is stuck at GND File: C:/Users/andri/Synology/SynologyDrive/05_ZHAW/FS23/PM2/github_/Synthi_T1/synthi_project/source/MIDI/MIDI.vhd Line: 34
    Warning (13410): Pin "note[5][0]" is stuck at GND File: C:/Users/andri/Synology/SynologyDrive/05_ZHAW/FS23/PM2/github_/Synthi_T1/synthi_project/source/MIDI/MIDI.vhd Line: 34
    Warning (13410): Pin "note[5][1]" is stuck at GND File: C:/Users/andri/Synology/SynologyDrive/05_ZHAW/FS23/PM2/github_/Synthi_T1/synthi_project/source/MIDI/MIDI.vhd Line: 34
    Warning (13410): Pin "note[5][2]" is stuck at GND File: C:/Users/andri/Synology/SynologyDrive/05_ZHAW/FS23/PM2/github_/Synthi_T1/synthi_project/source/MIDI/MIDI.vhd Line: 34
    Warning (13410): Pin "note[5][3]" is stuck at GND File: C:/Users/andri/Synology/SynologyDrive/05_ZHAW/FS23/PM2/github_/Synthi_T1/synthi_project/source/MIDI/MIDI.vhd Line: 34
    Warning (13410): Pin "note[5][4]" is stuck at GND File: C:/Users/andri/Synology/SynologyDrive/05_ZHAW/FS23/PM2/github_/Synthi_T1/synthi_project/source/MIDI/MIDI.vhd Line: 34
    Warning (13410): Pin "note[5][5]" is stuck at GND File: C:/Users/andri/Synology/SynologyDrive/05_ZHAW/FS23/PM2/github_/Synthi_T1/synthi_project/source/MIDI/MIDI.vhd Line: 34
    Warning (13410): Pin "note[5][6]" is stuck at GND File: C:/Users/andri/Synology/SynologyDrive/05_ZHAW/FS23/PM2/github_/Synthi_T1/synthi_project/source/MIDI/MIDI.vhd Line: 34
    Warning (13410): Pin "note[4][0]" is stuck at GND File: C:/Users/andri/Synology/SynologyDrive/05_ZHAW/FS23/PM2/github_/Synthi_T1/synthi_project/source/MIDI/MIDI.vhd Line: 34
    Warning (13410): Pin "note[4][1]" is stuck at GND File: C:/Users/andri/Synology/SynologyDrive/05_ZHAW/FS23/PM2/github_/Synthi_T1/synthi_project/source/MIDI/MIDI.vhd Line: 34
    Warning (13410): Pin "note[4][2]" is stuck at GND File: C:/Users/andri/Synology/SynologyDrive/05_ZHAW/FS23/PM2/github_/Synthi_T1/synthi_project/source/MIDI/MIDI.vhd Line: 34
    Warning (13410): Pin "note[4][3]" is stuck at GND File: C:/Users/andri/Synology/SynologyDrive/05_ZHAW/FS23/PM2/github_/Synthi_T1/synthi_project/source/MIDI/MIDI.vhd Line: 34
    Warning (13410): Pin "note[4][4]" is stuck at GND File: C:/Users/andri/Synology/SynologyDrive/05_ZHAW/FS23/PM2/github_/Synthi_T1/synthi_project/source/MIDI/MIDI.vhd Line: 34
    Warning (13410): Pin "note[4][5]" is stuck at GND File: C:/Users/andri/Synology/SynologyDrive/05_ZHAW/FS23/PM2/github_/Synthi_T1/synthi_project/source/MIDI/MIDI.vhd Line: 34
    Warning (13410): Pin "note[4][6]" is stuck at GND File: C:/Users/andri/Synology/SynologyDrive/05_ZHAW/FS23/PM2/github_/Synthi_T1/synthi_project/source/MIDI/MIDI.vhd Line: 34
    Warning (13410): Pin "note[3][0]" is stuck at GND File: C:/Users/andri/Synology/SynologyDrive/05_ZHAW/FS23/PM2/github_/Synthi_T1/synthi_project/source/MIDI/MIDI.vhd Line: 34
    Warning (13410): Pin "note[3][1]" is stuck at GND File: C:/Users/andri/Synology/SynologyDrive/05_ZHAW/FS23/PM2/github_/Synthi_T1/synthi_project/source/MIDI/MIDI.vhd Line: 34
    Warning (13410): Pin "note[3][2]" is stuck at GND File: C:/Users/andri/Synology/SynologyDrive/05_ZHAW/FS23/PM2/github_/Synthi_T1/synthi_project/source/MIDI/MIDI.vhd Line: 34
    Warning (13410): Pin "note[3][3]" is stuck at GND File: C:/Users/andri/Synology/SynologyDrive/05_ZHAW/FS23/PM2/github_/Synthi_T1/synthi_project/source/MIDI/MIDI.vhd Line: 34
    Warning (13410): Pin "note[3][4]" is stuck at GND File: C:/Users/andri/Synology/SynologyDrive/05_ZHAW/FS23/PM2/github_/Synthi_T1/synthi_project/source/MIDI/MIDI.vhd Line: 34
    Warning (13410): Pin "note[3][5]" is stuck at GND File: C:/Users/andri/Synology/SynologyDrive/05_ZHAW/FS23/PM2/github_/Synthi_T1/synthi_project/source/MIDI/MIDI.vhd Line: 34
    Warning (13410): Pin "note[3][6]" is stuck at GND File: C:/Users/andri/Synology/SynologyDrive/05_ZHAW/FS23/PM2/github_/Synthi_T1/synthi_project/source/MIDI/MIDI.vhd Line: 34
    Warning (13410): Pin "note[2][0]" is stuck at GND File: C:/Users/andri/Synology/SynologyDrive/05_ZHAW/FS23/PM2/github_/Synthi_T1/synthi_project/source/MIDI/MIDI.vhd Line: 34
    Warning (13410): Pin "note[2][1]" is stuck at GND File: C:/Users/andri/Synology/SynologyDrive/05_ZHAW/FS23/PM2/github_/Synthi_T1/synthi_project/source/MIDI/MIDI.vhd Line: 34
    Warning (13410): Pin "note[2][2]" is stuck at GND File: C:/Users/andri/Synology/SynologyDrive/05_ZHAW/FS23/PM2/github_/Synthi_T1/synthi_project/source/MIDI/MIDI.vhd Line: 34
    Warning (13410): Pin "note[2][3]" is stuck at GND File: C:/Users/andri/Synology/SynologyDrive/05_ZHAW/FS23/PM2/github_/Synthi_T1/synthi_project/source/MIDI/MIDI.vhd Line: 34
    Warning (13410): Pin "note[2][4]" is stuck at GND File: C:/Users/andri/Synology/SynologyDrive/05_ZHAW/FS23/PM2/github_/Synthi_T1/synthi_project/source/MIDI/MIDI.vhd Line: 34
    Warning (13410): Pin "note[2][5]" is stuck at GND File: C:/Users/andri/Synology/SynologyDrive/05_ZHAW/FS23/PM2/github_/Synthi_T1/synthi_project/source/MIDI/MIDI.vhd Line: 34
    Warning (13410): Pin "note[2][6]" is stuck at GND File: C:/Users/andri/Synology/SynologyDrive/05_ZHAW/FS23/PM2/github_/Synthi_T1/synthi_project/source/MIDI/MIDI.vhd Line: 34
    Warning (13410): Pin "note[1][0]" is stuck at GND File: C:/Users/andri/Synology/SynologyDrive/05_ZHAW/FS23/PM2/github_/Synthi_T1/synthi_project/source/MIDI/MIDI.vhd Line: 34
    Warning (13410): Pin "note[1][1]" is stuck at GND File: C:/Users/andri/Synology/SynologyDrive/05_ZHAW/FS23/PM2/github_/Synthi_T1/synthi_project/source/MIDI/MIDI.vhd Line: 34
    Warning (13410): Pin "note[1][2]" is stuck at GND File: C:/Users/andri/Synology/SynologyDrive/05_ZHAW/FS23/PM2/github_/Synthi_T1/synthi_project/source/MIDI/MIDI.vhd Line: 34
    Warning (13410): Pin "note[1][3]" is stuck at GND File: C:/Users/andri/Synology/SynologyDrive/05_ZHAW/FS23/PM2/github_/Synthi_T1/synthi_project/source/MIDI/MIDI.vhd Line: 34
    Warning (13410): Pin "note[1][4]" is stuck at GND File: C:/Users/andri/Synology/SynologyDrive/05_ZHAW/FS23/PM2/github_/Synthi_T1/synthi_project/source/MIDI/MIDI.vhd Line: 34
    Warning (13410): Pin "note[1][5]" is stuck at GND File: C:/Users/andri/Synology/SynologyDrive/05_ZHAW/FS23/PM2/github_/Synthi_T1/synthi_project/source/MIDI/MIDI.vhd Line: 34
    Warning (13410): Pin "note[1][6]" is stuck at GND File: C:/Users/andri/Synology/SynologyDrive/05_ZHAW/FS23/PM2/github_/Synthi_T1/synthi_project/source/MIDI/MIDI.vhd Line: 34
    Warning (13410): Pin "note[0][0]" is stuck at GND File: C:/Users/andri/Synology/SynologyDrive/05_ZHAW/FS23/PM2/github_/Synthi_T1/synthi_project/source/MIDI/MIDI.vhd Line: 34
    Warning (13410): Pin "note[0][1]" is stuck at GND File: C:/Users/andri/Synology/SynologyDrive/05_ZHAW/FS23/PM2/github_/Synthi_T1/synthi_project/source/MIDI/MIDI.vhd Line: 34
    Warning (13410): Pin "note[0][2]" is stuck at GND File: C:/Users/andri/Synology/SynologyDrive/05_ZHAW/FS23/PM2/github_/Synthi_T1/synthi_project/source/MIDI/MIDI.vhd Line: 34
    Warning (13410): Pin "note[0][3]" is stuck at GND File: C:/Users/andri/Synology/SynologyDrive/05_ZHAW/FS23/PM2/github_/Synthi_T1/synthi_project/source/MIDI/MIDI.vhd Line: 34
    Warning (13410): Pin "note[0][4]" is stuck at GND File: C:/Users/andri/Synology/SynologyDrive/05_ZHAW/FS23/PM2/github_/Synthi_T1/synthi_project/source/MIDI/MIDI.vhd Line: 34
    Warning (13410): Pin "note[0][5]" is stuck at GND File: C:/Users/andri/Synology/SynologyDrive/05_ZHAW/FS23/PM2/github_/Synthi_T1/synthi_project/source/MIDI/MIDI.vhd Line: 34
    Warning (13410): Pin "note[0][6]" is stuck at GND File: C:/Users/andri/Synology/SynologyDrive/05_ZHAW/FS23/PM2/github_/Synthi_T1/synthi_project/source/MIDI/MIDI.vhd Line: 34
    Warning (13410): Pin "velocity[9][0]" is stuck at GND File: C:/Users/andri/Synology/SynologyDrive/05_ZHAW/FS23/PM2/github_/Synthi_T1/synthi_project/source/MIDI/MIDI.vhd Line: 35
    Warning (13410): Pin "velocity[9][1]" is stuck at GND File: C:/Users/andri/Synology/SynologyDrive/05_ZHAW/FS23/PM2/github_/Synthi_T1/synthi_project/source/MIDI/MIDI.vhd Line: 35
    Warning (13410): Pin "velocity[9][2]" is stuck at GND File: C:/Users/andri/Synology/SynologyDrive/05_ZHAW/FS23/PM2/github_/Synthi_T1/synthi_project/source/MIDI/MIDI.vhd Line: 35
    Warning (13410): Pin "velocity[9][3]" is stuck at GND File: C:/Users/andri/Synology/SynologyDrive/05_ZHAW/FS23/PM2/github_/Synthi_T1/synthi_project/source/MIDI/MIDI.vhd Line: 35
    Warning (13410): Pin "velocity[9][4]" is stuck at GND File: C:/Users/andri/Synology/SynologyDrive/05_ZHAW/FS23/PM2/github_/Synthi_T1/synthi_project/source/MIDI/MIDI.vhd Line: 35
    Warning (13410): Pin "velocity[9][5]" is stuck at GND File: C:/Users/andri/Synology/SynologyDrive/05_ZHAW/FS23/PM2/github_/Synthi_T1/synthi_project/source/MIDI/MIDI.vhd Line: 35
    Warning (13410): Pin "velocity[9][6]" is stuck at GND File: C:/Users/andri/Synology/SynologyDrive/05_ZHAW/FS23/PM2/github_/Synthi_T1/synthi_project/source/MIDI/MIDI.vhd Line: 35
    Warning (13410): Pin "velocity[8][0]" is stuck at GND File: C:/Users/andri/Synology/SynologyDrive/05_ZHAW/FS23/PM2/github_/Synthi_T1/synthi_project/source/MIDI/MIDI.vhd Line: 35
    Warning (13410): Pin "velocity[8][1]" is stuck at GND File: C:/Users/andri/Synology/SynologyDrive/05_ZHAW/FS23/PM2/github_/Synthi_T1/synthi_project/source/MIDI/MIDI.vhd Line: 35
    Warning (13410): Pin "velocity[8][2]" is stuck at GND File: C:/Users/andri/Synology/SynologyDrive/05_ZHAW/FS23/PM2/github_/Synthi_T1/synthi_project/source/MIDI/MIDI.vhd Line: 35
    Warning (13410): Pin "velocity[8][3]" is stuck at GND File: C:/Users/andri/Synology/SynologyDrive/05_ZHAW/FS23/PM2/github_/Synthi_T1/synthi_project/source/MIDI/MIDI.vhd Line: 35
    Warning (13410): Pin "velocity[8][4]" is stuck at GND File: C:/Users/andri/Synology/SynologyDrive/05_ZHAW/FS23/PM2/github_/Synthi_T1/synthi_project/source/MIDI/MIDI.vhd Line: 35
    Warning (13410): Pin "velocity[8][5]" is stuck at GND File: C:/Users/andri/Synology/SynologyDrive/05_ZHAW/FS23/PM2/github_/Synthi_T1/synthi_project/source/MIDI/MIDI.vhd Line: 35
    Warning (13410): Pin "velocity[8][6]" is stuck at GND File: C:/Users/andri/Synology/SynologyDrive/05_ZHAW/FS23/PM2/github_/Synthi_T1/synthi_project/source/MIDI/MIDI.vhd Line: 35
    Warning (13410): Pin "velocity[7][0]" is stuck at GND File: C:/Users/andri/Synology/SynologyDrive/05_ZHAW/FS23/PM2/github_/Synthi_T1/synthi_project/source/MIDI/MIDI.vhd Line: 35
    Warning (13410): Pin "velocity[7][1]" is stuck at GND File: C:/Users/andri/Synology/SynologyDrive/05_ZHAW/FS23/PM2/github_/Synthi_T1/synthi_project/source/MIDI/MIDI.vhd Line: 35
    Warning (13410): Pin "velocity[7][2]" is stuck at GND File: C:/Users/andri/Synology/SynologyDrive/05_ZHAW/FS23/PM2/github_/Synthi_T1/synthi_project/source/MIDI/MIDI.vhd Line: 35
    Warning (13410): Pin "velocity[7][3]" is stuck at GND File: C:/Users/andri/Synology/SynologyDrive/05_ZHAW/FS23/PM2/github_/Synthi_T1/synthi_project/source/MIDI/MIDI.vhd Line: 35
    Warning (13410): Pin "velocity[7][4]" is stuck at GND File: C:/Users/andri/Synology/SynologyDrive/05_ZHAW/FS23/PM2/github_/Synthi_T1/synthi_project/source/MIDI/MIDI.vhd Line: 35
    Warning (13410): Pin "velocity[7][5]" is stuck at GND File: C:/Users/andri/Synology/SynologyDrive/05_ZHAW/FS23/PM2/github_/Synthi_T1/synthi_project/source/MIDI/MIDI.vhd Line: 35
    Warning (13410): Pin "velocity[7][6]" is stuck at GND File: C:/Users/andri/Synology/SynologyDrive/05_ZHAW/FS23/PM2/github_/Synthi_T1/synthi_project/source/MIDI/MIDI.vhd Line: 35
    Warning (13410): Pin "velocity[6][0]" is stuck at GND File: C:/Users/andri/Synology/SynologyDrive/05_ZHAW/FS23/PM2/github_/Synthi_T1/synthi_project/source/MIDI/MIDI.vhd Line: 35
    Warning (13410): Pin "velocity[6][1]" is stuck at GND File: C:/Users/andri/Synology/SynologyDrive/05_ZHAW/FS23/PM2/github_/Synthi_T1/synthi_project/source/MIDI/MIDI.vhd Line: 35
    Warning (13410): Pin "velocity[6][2]" is stuck at GND File: C:/Users/andri/Synology/SynologyDrive/05_ZHAW/FS23/PM2/github_/Synthi_T1/synthi_project/source/MIDI/MIDI.vhd Line: 35
    Warning (13410): Pin "velocity[6][3]" is stuck at GND File: C:/Users/andri/Synology/SynologyDrive/05_ZHAW/FS23/PM2/github_/Synthi_T1/synthi_project/source/MIDI/MIDI.vhd Line: 35
    Warning (13410): Pin "velocity[6][4]" is stuck at GND File: C:/Users/andri/Synology/SynologyDrive/05_ZHAW/FS23/PM2/github_/Synthi_T1/synthi_project/source/MIDI/MIDI.vhd Line: 35
    Warning (13410): Pin "velocity[6][5]" is stuck at GND File: C:/Users/andri/Synology/SynologyDrive/05_ZHAW/FS23/PM2/github_/Synthi_T1/synthi_project/source/MIDI/MIDI.vhd Line: 35
    Warning (13410): Pin "velocity[6][6]" is stuck at GND File: C:/Users/andri/Synology/SynologyDrive/05_ZHAW/FS23/PM2/github_/Synthi_T1/synthi_project/source/MIDI/MIDI.vhd Line: 35
    Warning (13410): Pin "velocity[5][0]" is stuck at GND File: C:/Users/andri/Synology/SynologyDrive/05_ZHAW/FS23/PM2/github_/Synthi_T1/synthi_project/source/MIDI/MIDI.vhd Line: 35
    Warning (13410): Pin "velocity[5][1]" is stuck at GND File: C:/Users/andri/Synology/SynologyDrive/05_ZHAW/FS23/PM2/github_/Synthi_T1/synthi_project/source/MIDI/MIDI.vhd Line: 35
    Warning (13410): Pin "velocity[5][2]" is stuck at GND File: C:/Users/andri/Synology/SynologyDrive/05_ZHAW/FS23/PM2/github_/Synthi_T1/synthi_project/source/MIDI/MIDI.vhd Line: 35
    Warning (13410): Pin "velocity[5][3]" is stuck at GND File: C:/Users/andri/Synology/SynologyDrive/05_ZHAW/FS23/PM2/github_/Synthi_T1/synthi_project/source/MIDI/MIDI.vhd Line: 35
    Warning (13410): Pin "velocity[5][4]" is stuck at GND File: C:/Users/andri/Synology/SynologyDrive/05_ZHAW/FS23/PM2/github_/Synthi_T1/synthi_project/source/MIDI/MIDI.vhd Line: 35
    Warning (13410): Pin "velocity[5][5]" is stuck at GND File: C:/Users/andri/Synology/SynologyDrive/05_ZHAW/FS23/PM2/github_/Synthi_T1/synthi_project/source/MIDI/MIDI.vhd Line: 35
    Warning (13410): Pin "velocity[5][6]" is stuck at GND File: C:/Users/andri/Synology/SynologyDrive/05_ZHAW/FS23/PM2/github_/Synthi_T1/synthi_project/source/MIDI/MIDI.vhd Line: 35
    Warning (13410): Pin "velocity[4][0]" is stuck at GND File: C:/Users/andri/Synology/SynologyDrive/05_ZHAW/FS23/PM2/github_/Synthi_T1/synthi_project/source/MIDI/MIDI.vhd Line: 35
    Warning (13410): Pin "velocity[4][1]" is stuck at GND File: C:/Users/andri/Synology/SynologyDrive/05_ZHAW/FS23/PM2/github_/Synthi_T1/synthi_project/source/MIDI/MIDI.vhd Line: 35
    Warning (13410): Pin "velocity[4][2]" is stuck at GND File: C:/Users/andri/Synology/SynologyDrive/05_ZHAW/FS23/PM2/github_/Synthi_T1/synthi_project/source/MIDI/MIDI.vhd Line: 35
    Warning (13410): Pin "velocity[4][3]" is stuck at GND File: C:/Users/andri/Synology/SynologyDrive/05_ZHAW/FS23/PM2/github_/Synthi_T1/synthi_project/source/MIDI/MIDI.vhd Line: 35
    Warning (13410): Pin "velocity[4][4]" is stuck at GND File: C:/Users/andri/Synology/SynologyDrive/05_ZHAW/FS23/PM2/github_/Synthi_T1/synthi_project/source/MIDI/MIDI.vhd Line: 35
    Warning (13410): Pin "velocity[4][5]" is stuck at GND File: C:/Users/andri/Synology/SynologyDrive/05_ZHAW/FS23/PM2/github_/Synthi_T1/synthi_project/source/MIDI/MIDI.vhd Line: 35
    Warning (13410): Pin "velocity[4][6]" is stuck at GND File: C:/Users/andri/Synology/SynologyDrive/05_ZHAW/FS23/PM2/github_/Synthi_T1/synthi_project/source/MIDI/MIDI.vhd Line: 35
    Warning (13410): Pin "velocity[3][0]" is stuck at GND File: C:/Users/andri/Synology/SynologyDrive/05_ZHAW/FS23/PM2/github_/Synthi_T1/synthi_project/source/MIDI/MIDI.vhd Line: 35
    Warning (13410): Pin "velocity[3][1]" is stuck at GND File: C:/Users/andri/Synology/SynologyDrive/05_ZHAW/FS23/PM2/github_/Synthi_T1/synthi_project/source/MIDI/MIDI.vhd Line: 35
    Warning (13410): Pin "velocity[3][2]" is stuck at GND File: C:/Users/andri/Synology/SynologyDrive/05_ZHAW/FS23/PM2/github_/Synthi_T1/synthi_project/source/MIDI/MIDI.vhd Line: 35
    Warning (13410): Pin "velocity[3][3]" is stuck at GND File: C:/Users/andri/Synology/SynologyDrive/05_ZHAW/FS23/PM2/github_/Synthi_T1/synthi_project/source/MIDI/MIDI.vhd Line: 35
    Warning (13410): Pin "velocity[3][4]" is stuck at GND File: C:/Users/andri/Synology/SynologyDrive/05_ZHAW/FS23/PM2/github_/Synthi_T1/synthi_project/source/MIDI/MIDI.vhd Line: 35
    Warning (13410): Pin "velocity[3][5]" is stuck at GND File: C:/Users/andri/Synology/SynologyDrive/05_ZHAW/FS23/PM2/github_/Synthi_T1/synthi_project/source/MIDI/MIDI.vhd Line: 35
    Warning (13410): Pin "velocity[3][6]" is stuck at GND File: C:/Users/andri/Synology/SynologyDrive/05_ZHAW/FS23/PM2/github_/Synthi_T1/synthi_project/source/MIDI/MIDI.vhd Line: 35
    Warning (13410): Pin "velocity[2][0]" is stuck at GND File: C:/Users/andri/Synology/SynologyDrive/05_ZHAW/FS23/PM2/github_/Synthi_T1/synthi_project/source/MIDI/MIDI.vhd Line: 35
    Warning (13410): Pin "velocity[2][1]" is stuck at GND File: C:/Users/andri/Synology/SynologyDrive/05_ZHAW/FS23/PM2/github_/Synthi_T1/synthi_project/source/MIDI/MIDI.vhd Line: 35
    Warning (13410): Pin "velocity[2][2]" is stuck at GND File: C:/Users/andri/Synology/SynologyDrive/05_ZHAW/FS23/PM2/github_/Synthi_T1/synthi_project/source/MIDI/MIDI.vhd Line: 35
    Warning (13410): Pin "velocity[2][3]" is stuck at GND File: C:/Users/andri/Synology/SynologyDrive/05_ZHAW/FS23/PM2/github_/Synthi_T1/synthi_project/source/MIDI/MIDI.vhd Line: 35
    Warning (13410): Pin "velocity[2][4]" is stuck at GND File: C:/Users/andri/Synology/SynologyDrive/05_ZHAW/FS23/PM2/github_/Synthi_T1/synthi_project/source/MIDI/MIDI.vhd Line: 35
    Warning (13410): Pin "velocity[2][5]" is stuck at GND File: C:/Users/andri/Synology/SynologyDrive/05_ZHAW/FS23/PM2/github_/Synthi_T1/synthi_project/source/MIDI/MIDI.vhd Line: 35
    Warning (13410): Pin "velocity[2][6]" is stuck at GND File: C:/Users/andri/Synology/SynologyDrive/05_ZHAW/FS23/PM2/github_/Synthi_T1/synthi_project/source/MIDI/MIDI.vhd Line: 35
    Warning (13410): Pin "velocity[1][0]" is stuck at GND File: C:/Users/andri/Synology/SynologyDrive/05_ZHAW/FS23/PM2/github_/Synthi_T1/synthi_project/source/MIDI/MIDI.vhd Line: 35
    Warning (13410): Pin "velocity[1][1]" is stuck at GND File: C:/Users/andri/Synology/SynologyDrive/05_ZHAW/FS23/PM2/github_/Synthi_T1/synthi_project/source/MIDI/MIDI.vhd Line: 35
    Warning (13410): Pin "velocity[1][2]" is stuck at GND File: C:/Users/andri/Synology/SynologyDrive/05_ZHAW/FS23/PM2/github_/Synthi_T1/synthi_project/source/MIDI/MIDI.vhd Line: 35
    Warning (13410): Pin "velocity[1][3]" is stuck at GND File: C:/Users/andri/Synology/SynologyDrive/05_ZHAW/FS23/PM2/github_/Synthi_T1/synthi_project/source/MIDI/MIDI.vhd Line: 35
    Warning (13410): Pin "velocity[1][4]" is stuck at GND File: C:/Users/andri/Synology/SynologyDrive/05_ZHAW/FS23/PM2/github_/Synthi_T1/synthi_project/source/MIDI/MIDI.vhd Line: 35
    Warning (13410): Pin "velocity[1][5]" is stuck at GND File: C:/Users/andri/Synology/SynologyDrive/05_ZHAW/FS23/PM2/github_/Synthi_T1/synthi_project/source/MIDI/MIDI.vhd Line: 35
    Warning (13410): Pin "velocity[1][6]" is stuck at GND File: C:/Users/andri/Synology/SynologyDrive/05_ZHAW/FS23/PM2/github_/Synthi_T1/synthi_project/source/MIDI/MIDI.vhd Line: 35
    Warning (13410): Pin "velocity[0][0]" is stuck at GND File: C:/Users/andri/Synology/SynologyDrive/05_ZHAW/FS23/PM2/github_/Synthi_T1/synthi_project/source/MIDI/MIDI.vhd Line: 35
    Warning (13410): Pin "velocity[0][1]" is stuck at GND File: C:/Users/andri/Synology/SynologyDrive/05_ZHAW/FS23/PM2/github_/Synthi_T1/synthi_project/source/MIDI/MIDI.vhd Line: 35
    Warning (13410): Pin "velocity[0][2]" is stuck at GND File: C:/Users/andri/Synology/SynologyDrive/05_ZHAW/FS23/PM2/github_/Synthi_T1/synthi_project/source/MIDI/MIDI.vhd Line: 35
    Warning (13410): Pin "velocity[0][3]" is stuck at GND File: C:/Users/andri/Synology/SynologyDrive/05_ZHAW/FS23/PM2/github_/Synthi_T1/synthi_project/source/MIDI/MIDI.vhd Line: 35
    Warning (13410): Pin "velocity[0][4]" is stuck at GND File: C:/Users/andri/Synology/SynologyDrive/05_ZHAW/FS23/PM2/github_/Synthi_T1/synthi_project/source/MIDI/MIDI.vhd Line: 35
    Warning (13410): Pin "velocity[0][5]" is stuck at GND File: C:/Users/andri/Synology/SynologyDrive/05_ZHAW/FS23/PM2/github_/Synthi_T1/synthi_project/source/MIDI/MIDI.vhd Line: 35
    Warning (13410): Pin "velocity[0][6]" is stuck at GND File: C:/Users/andri/Synology/SynologyDrive/05_ZHAW/FS23/PM2/github_/Synthi_T1/synthi_project/source/MIDI/MIDI.vhd Line: 35
    Warning (13410): Pin "note_valid[0]" is stuck at GND File: C:/Users/andri/Synology/SynologyDrive/05_ZHAW/FS23/PM2/github_/Synthi_T1/synthi_project/source/MIDI/MIDI.vhd Line: 36
    Warning (13410): Pin "note_valid[1]" is stuck at GND File: C:/Users/andri/Synology/SynologyDrive/05_ZHAW/FS23/PM2/github_/Synthi_T1/synthi_project/source/MIDI/MIDI.vhd Line: 36
    Warning (13410): Pin "note_valid[2]" is stuck at GND File: C:/Users/andri/Synology/SynologyDrive/05_ZHAW/FS23/PM2/github_/Synthi_T1/synthi_project/source/MIDI/MIDI.vhd Line: 36
    Warning (13410): Pin "note_valid[3]" is stuck at GND File: C:/Users/andri/Synology/SynologyDrive/05_ZHAW/FS23/PM2/github_/Synthi_T1/synthi_project/source/MIDI/MIDI.vhd Line: 36
    Warning (13410): Pin "note_valid[4]" is stuck at GND File: C:/Users/andri/Synology/SynologyDrive/05_ZHAW/FS23/PM2/github_/Synthi_T1/synthi_project/source/MIDI/MIDI.vhd Line: 36
    Warning (13410): Pin "note_valid[5]" is stuck at GND File: C:/Users/andri/Synology/SynologyDrive/05_ZHAW/FS23/PM2/github_/Synthi_T1/synthi_project/source/MIDI/MIDI.vhd Line: 36
    Warning (13410): Pin "note_valid[6]" is stuck at GND File: C:/Users/andri/Synology/SynologyDrive/05_ZHAW/FS23/PM2/github_/Synthi_T1/synthi_project/source/MIDI/MIDI.vhd Line: 36
    Warning (13410): Pin "note_valid[7]" is stuck at GND File: C:/Users/andri/Synology/SynologyDrive/05_ZHAW/FS23/PM2/github_/Synthi_T1/synthi_project/source/MIDI/MIDI.vhd Line: 36
    Warning (13410): Pin "note_valid[8]" is stuck at GND File: C:/Users/andri/Synology/SynologyDrive/05_ZHAW/FS23/PM2/github_/Synthi_T1/synthi_project/source/MIDI/MIDI.vhd Line: 36
    Warning (13410): Pin "note_valid[9]" is stuck at GND File: C:/Users/andri/Synology/SynologyDrive/05_ZHAW/FS23/PM2/github_/Synthi_T1/synthi_project/source/MIDI/MIDI.vhd Line: 36
Info (17049): 3 registers lost all their fanouts during netlist optimizations.
Info (16010): Generating hard_block partition "hard_block:auto_generated_inst"
    Info (16011): Adding 0 node(s), including 0 DDIO, 0 PLL, 0 transceiver and 0 LCELL
Warning (21074): Design contains 11 input pin(s) that do not drive logic
    Warning (15610): No output dependent on input pin "rx_data[0]" File: C:/Users/andri/Synology/SynologyDrive/05_ZHAW/FS23/PM2/github_/Synthi_T1/synthi_project/source/MIDI/MIDI.vhd Line: 32
    Warning (15610): No output dependent on input pin "rx_data[1]" File: C:/Users/andri/Synology/SynologyDrive/05_ZHAW/FS23/PM2/github_/Synthi_T1/synthi_project/source/MIDI/MIDI.vhd Line: 32
    Warning (15610): No output dependent on input pin "rx_data[2]" File: C:/Users/andri/Synology/SynologyDrive/05_ZHAW/FS23/PM2/github_/Synthi_T1/synthi_project/source/MIDI/MIDI.vhd Line: 32
    Warning (15610): No output dependent on input pin "rx_data[3]" File: C:/Users/andri/Synology/SynologyDrive/05_ZHAW/FS23/PM2/github_/Synthi_T1/synthi_project/source/MIDI/MIDI.vhd Line: 32
    Warning (15610): No output dependent on input pin "rx_data[4]" File: C:/Users/andri/Synology/SynologyDrive/05_ZHAW/FS23/PM2/github_/Synthi_T1/synthi_project/source/MIDI/MIDI.vhd Line: 32
    Warning (15610): No output dependent on input pin "rx_data[5]" File: C:/Users/andri/Synology/SynologyDrive/05_ZHAW/FS23/PM2/github_/Synthi_T1/synthi_project/source/MIDI/MIDI.vhd Line: 32
    Warning (15610): No output dependent on input pin "rx_data[6]" File: C:/Users/andri/Synology/SynologyDrive/05_ZHAW/FS23/PM2/github_/Synthi_T1/synthi_project/source/MIDI/MIDI.vhd Line: 32
    Warning (15610): No output dependent on input pin "rx_data_rdy" File: C:/Users/andri/Synology/SynologyDrive/05_ZHAW/FS23/PM2/github_/Synthi_T1/synthi_project/source/MIDI/MIDI.vhd Line: 33
    Warning (15610): No output dependent on input pin "rx_data[7]" File: C:/Users/andri/Synology/SynologyDrive/05_ZHAW/FS23/PM2/github_/Synthi_T1/synthi_project/source/MIDI/MIDI.vhd Line: 32
    Warning (15610): No output dependent on input pin "clk_6m" File: C:/Users/andri/Synology/SynologyDrive/05_ZHAW/FS23/PM2/github_/Synthi_T1/synthi_project/source/MIDI/MIDI.vhd Line: 30
    Warning (15610): No output dependent on input pin "reset_n" File: C:/Users/andri/Synology/SynologyDrive/05_ZHAW/FS23/PM2/github_/Synthi_T1/synthi_project/source/MIDI/MIDI.vhd Line: 31
Info (21057): Implemented 161 device resources after synthesis - the final resource count might be different
    Info (21058): Implemented 11 input pins
    Info (21059): Implemented 150 output pins
Info: Quartus Prime Analysis & Synthesis was successful. 0 errors, 169 warnings
    Info: Peak virtual memory: 4798 megabytes
    Info: Processing ended: Wed May 10 09:45:58 2023
    Info: Elapsed time: 00:00:10
    Info: Total CPU time (on all processors): 00:00:13


